<?xml version="1.0" encoding="UTF-8"?>
<testng-results ignored="0" total="2" passed="2" failed="0" skipped="0">
  <reporter-output>
  </reporter-output>
  <suite started-at="2026-02-02T20:32:14 IST" name="Surefire suite" finished-at="2026-02-02T20:32:36 IST" duration-ms="22262">
    <groups>
    </groups>
    <test started-at="2026-02-02T20:32:14 IST" name="Surefire test" finished-at="2026-02-02T20:32:36 IST" duration-ms="22262">
      <class name="LoginTest">
        <test-method signature="invalidLoginTest()[pri:0, instance:LoginTest@429bd883]" started-at="2026-02-02T20:32:14 IST" name="invalidLoginTest" finished-at="2026-02-02T20:32:24 IST" duration-ms="10289" status="PASS">
          <reporter-output>
          </reporter-output>
        </test-method> <!-- invalidLoginTest -->
        <test-method signature="validLoginTest()[pri:0, instance:LoginTest@429bd883]" started-at="2026-02-02T20:32:24 IST" name="validLoginTest" finished-at="2026-02-02T20:32:36 IST" duration-ms="11918" status="PASS">
          <reporter-output>
          </reporter-output>
        </test-method> <!-- validLoginTest -->
      </class> <!-- LoginTest -->
    </test> <!-- Surefire test -->
  </suite> <!-- Surefire suite -->
</testng-results>
